Determining if the pthread_create exist failed with the following output:
Change Dir: /home/xuxiaowei/workspace_ros/ROS_study_workSpace/ROS_robot_first/build_isolated/obstacle_avoidance/CMakeFiles/CMakeTmp

Run Build Command:"/usr/bin/make" "cmTC_8b7a3/fast"
/usr/bin/make -f CMakeFiles/cmTC_8b7a3.dir/build.make CMakeFiles/cmTC_8b7a3.dir/build
make[1]: 进入目录“/home/xuxiaowei/workspace_ros/ROS_study_workSpace/ROS_robot_first/build_isolated/obstacle_avoidance/CMakeFiles/CMakeTmp”
Building C object CMakeFiles/cmTC_8b7a3.dir/CheckSymbolExists.c.o
/usr/bin/cc    -o CMakeFiles/cmTC_8b7a3.dir/CheckSymbolExists.c.o   -c /home/xuxiaowei/workspace_ros/ROS_study_workSpace/ROS_robot_first/build_isolated/obstacle_avoidance/CMakeFiles/CMakeTmp/CheckSymbolExists.c
Linking C executable cmTC_8b7a3
/usr/bin/cmake -E cmake_link_script CMakeFiles/cmTC_8b7a3.dir/link.txt --verbose=1
/usr/bin/cc      -rdynamic CMakeFiles/cmTC_8b7a3.dir/CheckSymbolExists.c.o  -o cmTC_8b7a3 
CMakeFiles/cmTC_8b7a3.dir/CheckSymbolExists.c.o：在函数‘main’中：
CheckSymbolExists.c:(.text+0x1b)：对‘pthread_create’未定义的引用
collect2: error: ld returned 1 exit status
CMakeFiles/cmTC_8b7a3.dir/build.make:97: recipe for target 'cmTC_8b7a3' failed
make[1]: *** [cmTC_8b7a3] Error 1
make[1]: 离开目录“/home/xuxiaowei/workspace_ros/ROS_study_workSpace/ROS_robot_first/build_isolated/obstacle_avoidance/CMakeFiles/CMakeTmp”
Makefile:126: recipe for target 'cmTC_8b7a3/fast' failed
make: *** [cmTC_8b7a3/fast] Error 2

File /home/xuxiaowei/workspace_ros/ROS_study_workSpace/ROS_robot_first/build_isolated/obstacle_avoidance/CMakeFiles/CMakeTmp/CheckSymbolExists.c:
/* */
#include <pthread.h>

int main(int argc, char** argv)
{
  (void)argv;
#ifndef pthread_create
  return ((int*)(&pthread_create))[argc];
#else
  (void)argc;
  return 0;
#endif
}

Determining if the function pthread_create exists in the pthreads failed with the following output:
Change Dir: /home/xuxiaowei/workspace_ros/ROS_study_workSpace/ROS_robot_first/build_isolated/obstacle_avoidance/CMakeFiles/CMakeTmp

Run Build Command:"/usr/bin/make" "cmTC_e12cd/fast"
/usr/bin/make -f CMakeFiles/cmTC_e12cd.dir/build.make CMakeFiles/cmTC_e12cd.dir/build
make[1]: 进入目录“/home/xuxiaowei/workspace_ros/ROS_study_workSpace/ROS_robot_first/build_isolated/obstacle_avoidance/CMakeFiles/CMakeTmp”
Building C object CMakeFiles/cmTC_e12cd.dir/CheckFunctionExists.c.o
/usr/bin/cc   -DCHECK_FUNCTION_EXISTS=pthread_create   -o CMakeFiles/cmTC_e12cd.dir/CheckFunctionExists.c.o   -c /usr/share/cmake-3.10/Modules/CheckFunctionExists.c
Linking C executable cmTC_e12cd
/usr/bin/cmake -E cmake_link_script CMakeFiles/cmTC_e12cd.dir/link.txt --verbose=1
/usr/bin/cc  -DCHECK_FUNCTION_EXISTS=pthread_create    -rdynamic CMakeFiles/cmTC_e12cd.dir/CheckFunctionExists.c.o  -o cmTC_e12cd -lpthreads 
/usr/bin/ld: 找不到 -lpthreads
collect2: error: ld returned 1 exit status
CMakeFiles/cmTC_e12cd.dir/build.make:97: recipe for target 'cmTC_e12cd' failed
make[1]: *** [cmTC_e12cd] Error 1
make[1]: 离开目录“/home/xuxiaowei/workspace_ros/ROS_study_workSpace/ROS_robot_first/build_isolated/obstacle_avoidance/CMakeFiles/CMakeTmp”
Makefile:126: recipe for target 'cmTC_e12cd/fast' failed
make: *** [cmTC_e12cd/fast] Error 2


