Determining if the pthread_create exist failed with the following output:
Change Dir: /home/xuxiaowei/workspace_ros/ROS_study_workSpace/ROS_robot_first/build_isolated/mapping/CMakeFiles/CMakeTmp

Run Build Command:"/usr/bin/make" "cmTC_73ca6/fast"
/usr/bin/make -f CMakeFiles/cmTC_73ca6.dir/build.make CMakeFiles/cmTC_73ca6.dir/build
make[1]: 进入目录“/home/xuxiaowei/workspace_ros/ROS_study_workSpace/ROS_robot_first/build_isolated/mapping/CMakeFiles/CMakeTmp”
Building C object CMakeFiles/cmTC_73ca6.dir/CheckSymbolExists.c.o
/usr/bin/cc    -o CMakeFiles/cmTC_73ca6.dir/CheckSymbolExists.c.o   -c /home/xuxiaowei/workspace_ros/ROS_study_workSpace/ROS_robot_first/build_isolated/mapping/CMakeFiles/CMakeTmp/CheckSymbolExists.c
Linking C executable cmTC_73ca6
/usr/bin/cmake -E cmake_link_script CMakeFiles/cmTC_73ca6.dir/link.txt --verbose=1
/usr/bin/cc      -rdynamic CMakeFiles/cmTC_73ca6.dir/CheckSymbolExists.c.o  -o cmTC_73ca6 
CMakeFiles/cmTC_73ca6.dir/CheckSymbolExists.c.o：在函数‘main’中：
CheckSymbolExists.c:(.text+0x1b)：对‘pthread_create’未定义的引用
collect2: error: ld returned 1 exit status
CMakeFiles/cmTC_73ca6.dir/build.make:97: recipe for target 'cmTC_73ca6' failed
make[1]: *** [cmTC_73ca6] Error 1
make[1]: 离开目录“/home/xuxiaowei/workspace_ros/ROS_study_workSpace/ROS_robot_first/build_isolated/mapping/CMakeFiles/CMakeTmp”
Makefile:126: recipe for target 'cmTC_73ca6/fast' failed
make: *** [cmTC_73ca6/fast] Error 2

File /home/xuxiaowei/workspace_ros/ROS_study_workSpace/ROS_robot_first/build_isolated/mapping/CMakeFiles/CMakeTmp/CheckSymbolExists.c:
/* */
#include <pthread.h>

int main(int argc, char** argv)
{
  (void)argv;
#ifndef pthread_create
  return ((int*)(&pthread_create))[argc];
#else
  (void)argc;
  return 0;
#endif
}

Determining if the function pthread_create exists in the pthreads failed with the following output:
Change Dir: /home/xuxiaowei/workspace_ros/ROS_study_workSpace/ROS_robot_first/build_isolated/mapping/CMakeFiles/CMakeTmp

Run Build Command:"/usr/bin/make" "cmTC_71ffc/fast"
/usr/bin/make -f CMakeFiles/cmTC_71ffc.dir/build.make CMakeFiles/cmTC_71ffc.dir/build
make[1]: 进入目录“/home/xuxiaowei/workspace_ros/ROS_study_workSpace/ROS_robot_first/build_isolated/mapping/CMakeFiles/CMakeTmp”
Building C object CMakeFiles/cmTC_71ffc.dir/CheckFunctionExists.c.o
/usr/bin/cc   -DCHECK_FUNCTION_EXISTS=pthread_create   -o CMakeFiles/cmTC_71ffc.dir/CheckFunctionExists.c.o   -c /usr/share/cmake-3.10/Modules/CheckFunctionExists.c
Linking C executable cmTC_71ffc
/usr/bin/cmake -E cmake_link_script CMakeFiles/cmTC_71ffc.dir/link.txt --verbose=1
/usr/bin/cc  -DCHECK_FUNCTION_EXISTS=pthread_create    -rdynamic CMakeFiles/cmTC_71ffc.dir/CheckFunctionExists.c.o  -o cmTC_71ffc -lpthreads 
/usr/bin/ld: 找不到 -lpthreads
collect2: error: ld returned 1 exit status
CMakeFiles/cmTC_71ffc.dir/build.make:97: recipe for target 'cmTC_71ffc' failed
make[1]: *** [cmTC_71ffc] Error 1
make[1]: 离开目录“/home/xuxiaowei/workspace_ros/ROS_study_workSpace/ROS_robot_first/build_isolated/mapping/CMakeFiles/CMakeTmp”
Makefile:126: recipe for target 'cmTC_71ffc/fast' failed
make: *** [cmTC_71ffc/fast] Error 2


