Determining if the pthread_create exist failed with the following output:
Change Dir: /home/xuxiaowei/workspace_ros/ROS_study_workSpace/ROS_robot_first/build_isolated/navigation/CMakeFiles/CMakeTmp

Run Build Command:"/usr/bin/make" "cmTC_0511e/fast"
/usr/bin/make -f CMakeFiles/cmTC_0511e.dir/build.make CMakeFiles/cmTC_0511e.dir/build
make[1]: 进入目录“/home/xuxiaowei/workspace_ros/ROS_study_workSpace/ROS_robot_first/build_isolated/navigation/CMakeFiles/CMakeTmp”
Building C object CMakeFiles/cmTC_0511e.dir/CheckSymbolExists.c.o
/usr/bin/cc    -o CMakeFiles/cmTC_0511e.dir/CheckSymbolExists.c.o   -c /home/xuxiaowei/workspace_ros/ROS_study_workSpace/ROS_robot_first/build_isolated/navigation/CMakeFiles/CMakeTmp/CheckSymbolExists.c
Linking C executable cmTC_0511e
/usr/bin/cmake -E cmake_link_script CMakeFiles/cmTC_0511e.dir/link.txt --verbose=1
/usr/bin/cc      -rdynamic CMakeFiles/cmTC_0511e.dir/CheckSymbolExists.c.o  -o cmTC_0511e 
CMakeFiles/cmTC_0511e.dir/CheckSymbolExists.c.o：在函数‘main’中：
CheckSymbolExists.c:(.text+0x1b)：对‘pthread_create’未定义的引用
collect2: error: ld returned 1 exit status
CMakeFiles/cmTC_0511e.dir/build.make:97: recipe for target 'cmTC_0511e' failed
make[1]: *** [cmTC_0511e] Error 1
make[1]: 离开目录“/home/xuxiaowei/workspace_ros/ROS_study_workSpace/ROS_robot_first/build_isolated/navigation/CMakeFiles/CMakeTmp”
Makefile:126: recipe for target 'cmTC_0511e/fast' failed
make: *** [cmTC_0511e/fast] Error 2

File /home/xuxiaowei/workspace_ros/ROS_study_workSpace/ROS_robot_first/build_isolated/navigation/CMakeFiles/CMakeTmp/CheckSymbolExists.c:
/* */
#include <pthread.h>

int main(int argc, char** argv)
{
  (void)argv;
#ifndef pthread_create
  return ((int*)(&pthread_create))[argc];
#else
  (void)argc;
  return 0;
#endif
}

Determining if the function pthread_create exists in the pthreads failed with the following output:
Change Dir: /home/xuxiaowei/workspace_ros/ROS_study_workSpace/ROS_robot_first/build_isolated/navigation/CMakeFiles/CMakeTmp

Run Build Command:"/usr/bin/make" "cmTC_98fc2/fast"
/usr/bin/make -f CMakeFiles/cmTC_98fc2.dir/build.make CMakeFiles/cmTC_98fc2.dir/build
make[1]: 进入目录“/home/xuxiaowei/workspace_ros/ROS_study_workSpace/ROS_robot_first/build_isolated/navigation/CMakeFiles/CMakeTmp”
Building C object CMakeFiles/cmTC_98fc2.dir/CheckFunctionExists.c.o
/usr/bin/cc   -DCHECK_FUNCTION_EXISTS=pthread_create   -o CMakeFiles/cmTC_98fc2.dir/CheckFunctionExists.c.o   -c /usr/share/cmake-3.10/Modules/CheckFunctionExists.c
Linking C executable cmTC_98fc2
/usr/bin/cmake -E cmake_link_script CMakeFiles/cmTC_98fc2.dir/link.txt --verbose=1
/usr/bin/cc  -DCHECK_FUNCTION_EXISTS=pthread_create    -rdynamic CMakeFiles/cmTC_98fc2.dir/CheckFunctionExists.c.o  -o cmTC_98fc2 -lpthreads 
/usr/bin/ld: 找不到 -lpthreads
collect2: error: ld returned 1 exit status
CMakeFiles/cmTC_98fc2.dir/build.make:97: recipe for target 'cmTC_98fc2' failed
make[1]: *** [cmTC_98fc2] Error 1
make[1]: 离开目录“/home/xuxiaowei/workspace_ros/ROS_study_workSpace/ROS_robot_first/build_isolated/navigation/CMakeFiles/CMakeTmp”
Makefile:126: recipe for target 'cmTC_98fc2/fast' failed
make: *** [cmTC_98fc2/fast] Error 2


